<?xml version="1.0" encoding="UTF-8"?>
<!-- Generated by org.testng.reporters.JUnitXMLReporter -->
<testsuite ignored="0" hostname="TILLT03788" failures="1" tests="3" name="ServerCount" time="32.357" errors="0" timestamp="2020-06-01T22:47:13 IST">
  <testcase classname="test.ServerListing" name="headerTest" time="2.522"/>
  <testcase classname="test.ServerListing" name="listCountTest" time="1.105"/>
  <testcase classname="test.ServerListing" name="paginatorTest" time="3.662">
    <failure type="java.lang.AssertionError" message="expected [1 – 30 of 57] but found [1 – 17 of 17]">
      <![CDATA[java.lang.AssertionError: expected [1 – 30 of 57] but found [1 – 17 of 17]
at test.ServerListing.paginatorTest(ServerListing.java:73)
at java.base/java.util.ArrayList.forEach(ArrayList.java:1510)
at java.base/java.util.concurrent.FutureTask.run(FutureTask.java:264)
at java.base/java.util.concurrent.ThreadPoolExecutor.runWorker(ThreadPoolExecutor.java:1130)
at java.base/java.util.concurrent.ThreadPoolExecutor$Worker.run(ThreadPoolExecutor.java:630)
at java.base/java.lang.Thread.run(Thread.java:832)
... Removed 23 stack frames]]>
    </failure>
  </testcase> <!-- paginatorTest -->
</testsuite> <!-- ServerCount -->
